<?xml version="1.0" encoding="UTF-8"?>
<!-- Generated by org.testng.reporters.JUnitReportReporter -->
<testsuite hostname="DESKTOP-613T72M" failures="0" tests="1" name="com.tests.HomePageTest" time="22.514" errors="0" timestamp="2023-11-18T04:18:55 GMT-11:00" skipped="0">
  <testcase classname="com.tests.HomePageTest" name="SelectCategoryTest" time="22.514"/>
</testsuite> <!-- com.tests.HomePageTest -->
