<?xml version="1.0" encoding="UTF-8"?>
<!-- Generated by org.testng.reporters.JUnitReportReporter -->
<testsuite hostname="DESKTOP-613T72M" failures="0" tests="1" name="com.tests.HomePageTest" time="18.438" errors="0" timestamp="2023-11-18T05:07:59 GMT-11:00" skipped="0">
  <testcase classname="com.tests.HomePageTest" name="SelectCategoryTest" time="18.438"/>
</testsuite> <!-- com.tests.HomePageTest -->
