<?xml version="1.0" encoding="UTF-8"?>
<!-- Generated by org.testng.reporters.JUnitReportReporter -->
<testsuite hostname="DESKTOP-613T72M" failures="0" tests="2" name="com.tests.CategoryPageTest" time="44.278" errors="0" timestamp="2023-11-18T13:50:15 GMT-11:00" skipped="0">
  <testcase classname="com.tests.CategoryPageTest" name="AddToCart" time="31.135"/>
  <testcase classname="com.tests.CategoryPageTest" name="ViewCart" time="13.143"/>
</testsuite> <!-- com.tests.CategoryPageTest -->
