<?xml version="1.0" encoding="UTF-8"?>
<!-- Generated by org.testng.reporters.JUnitReportReporter -->
<testsuite hostname="DESKTOP-613T72M" failures="0" tests="1" name="com.tests.HomePageTest" time="21.038" errors="0" timestamp="2023-11-18T13:50:15 GMT-11:00" skipped="0">
  <testcase classname="com.tests.HomePageTest" name="SelectCategoryTest" time="21.038"/>
</testsuite> <!-- com.tests.HomePageTest -->
