<?xml version="1.0" encoding="UTF-8"?>
<!-- Generated by org.testng.reporters.JUnitReportReporter -->
<testsuite hostname="DESKTOP-613T72M" failures="0" tests="2" name="com.tests.CategoryPageTest" time="52.871" errors="0" timestamp="2023-11-18T12:37:32 GMT-11:00" skipped="0">
  <testcase classname="com.tests.CategoryPageTest" name="AddToCart" time="29.103"/>
  <testcase classname="com.tests.CategoryPageTest" name="ViewCart" time="23.768"/>
</testsuite> <!-- com.tests.CategoryPageTest -->
