<?xml version="1.0" encoding="UTF-8"?>
<!-- Generated by org.testng.reporters.JUnitReportReporter -->
<testsuite hostname="DESKTOP-613T72M" failures="0" tests="1" name="com.tests.LoginTest" time="24.444" errors="0" timestamp="2023-11-18T02:07:49 GMT-11:00" skipped="0">
  <testcase classname="com.tests.LoginTest" name="loginTest" time="24.444"/>
</testsuite> <!-- com.tests.LoginTest -->
